### Result
4. [GET] http://localhost:8000/api/v1/courses?page=1&pageSize=20 => [200] OK
6. [GET] http://localhost:8000/api/v1/courses/course_ds_001/nodes => [200] OK
7. [GET] http://localhost:8000/api/v1/courses/course_ds_001/chapters => [200] OK
8. [POST] http://localhost:8000/api/v1/auth/login => [200] OK
9. [GET] http://localhost:8000/api/v1/users/me => [200] OK
14. [GET] http://localhost:8000/api/v1/courses/course_ds_001/nodes => [200] OK
15. [GET] http://localhost:8000/api/v1/programming/questions?page=1&pageSize=20 => [200] OK
16. [GET] http://localhost:8000/api/v1/courses?page=1&pageSize=20 => [200] OK
17. [GET] http://localhost:8000/api/v1/courses/course_ds_001/nodes => [200] OK
18. [GET] http://localhost:8000/api/v1/courses/course_ds_001/chapters => [200] OK
19. [POST] http://localhost:8000/api/v1/programming/submissions => [200] OK
20. [POST] http://localhost:8000/api/v1/programming/submissions => [200] OK
24. [GET] http://localhost:8000/api/v1/courses?page=1&pageSize=20 => [200] OK
25. [GET] http://localhost:8000/api/v1/users/me => [200] OK
30. [GET] http://localhost:8000/api/v1/courses/course_ds_001/nodes => [200] OK
31. [GET] http://localhost:8000/api/v1/courses/course_ds_001/chapters => [200] OK
32. [GET] http://localhost:8000/api/v1/courses/course_ds_001/nodes => [200] OK
33. [GET] http://localhost:8000/api/v1/programming/questions?page=1&pageSize=20 => [200] OK
37. [GET] http://localhost:8000/api/v1/courses?page=1&pageSize=20 => [200] OK
38. [GET] http://localhost:8000/api/v1/users/me => [200] OK
43. [GET] http://localhost:8000/api/v1/courses/course_ds_001/nodes => [200] OK
44. [GET] http://localhost:8000/api/v1/courses/course_ds_001/chapters => [200] OK
45. [GET] http://localhost:8000/api/v1/courses/course_ds_001/nodes => [200] OK
46. [GET] http://localhost:8000/api/v1/programming/questions?page=1&pageSize=20 => [200] OK
47. [POST] http://localhost:8000/api/v1/programming/submissions => [200] OK
51. [GET] http://localhost:8000/api/v1/courses?page=1&pageSize=20 => [200] OK
52. [GET] http://localhost:8000/api/v1/users/me => [200] OK
57. [GET] http://localhost:8000/api/v1/courses/course_ds_001/nodes => [200] OK
58. [GET] http://localhost:8000/api/v1/courses/course_ds_001/chapters => [200] OK
59. [GET] http://localhost:8000/api/v1/courses/course_ds_001/nodes => [200] OK
60. [GET] http://localhost:8000/api/v1/programming/questions?page=1&pageSize=20 => [200] OK

Note: 29 static requests not shown, run with --static option to see them.
